[2024-07-25 02:33:13] production.ERROR: The C:\Kerjaan\Github\POS Parfum\api-pos-parfum\bootstrap\cache directory must be present and writable. {"exception":"[object] (Exception(code: 0): The C:\\Kerjaan\\Github\\POS Parfum\\api-pos-parfum\\bootstrap\\cache directory must be present and writable. at C:\\Kerjaan\\Github\\POS Parfum\\api-pos-parfum\\vendor\\laravel\\framework\\src\\Illuminate\\Foundation\\PackageManifest.php:178)
[stacktrace]
#0 C:\\Kerjaan\\Github\\POS Parfum\\api-pos-parfum\\vendor\\laravel\\framework\\src\\Illuminate\\Foundation\\PackageManifest.php(131): Illuminate\\Foundation\\PackageManifest->write(Array)
#1 C:\\Kerjaan\\Github\\POS Parfum\\api-pos-parfum\\vendor\\laravel\\framework\\src\\Illuminate\\Foundation\\PackageManifest.php(107): Illuminate\\Foundation\\PackageManifest->build()
#2 C:\\Kerjaan\\Github\\POS Parfum\\api-pos-parfum\\vendor\\laravel\\framework\\src\\Illuminate\\Foundation\\PackageManifest.php(90): Illuminate\\Foundation\\PackageManifest->getManifest()
#3 C:\\Kerjaan\\Github\\POS Parfum\\api-pos-parfum\\vendor\\laravel\\framework\\src\\Illuminate\\Foundation\\PackageManifest.php(79): Illuminate\\Foundation\\PackageManifest->config('aliases')
#4 C:\\Kerjaan\\Github\\POS Parfum\\api-pos-parfum\\vendor\\laravel\\framework\\src\\Illuminate\\Foundation\\Bootstrap\\RegisterFacades.php(26): Illuminate\\Foundation\\PackageManifest->aliases()
#5 C:\\Kerjaan\\Github\\POS Parfum\\api-pos-parfum\\vendor\\laravel\\framework\\src\\Illuminate\\Foundation\\Application.php(263): Illuminate\\Foundation\\Bootstrap\\RegisterFacades->bootstrap(Object(Illuminate\\Foundation\\Application))
#6 C:\\Kerjaan\\Github\\POS Parfum\\api-pos-parfum\\vendor\\laravel\\framework\\src\\Illuminate\\Foundation\\Console\\Kernel.php(447): Illuminate\\Foundation\\Application->bootstrapWith(Array)
#7 C:\\Kerjaan\\Github\\POS Parfum\\api-pos-parfum\\vendor\\laravel\\framework\\src\\Illuminate\\Foundation\\Console\\Kernel.php(199): Illuminate\\Foundation\\Console\\Kernel->bootstrap()
#8 C:\\Kerjaan\\Github\\POS Parfum\\api-pos-parfum\\artisan(35): Illuminate\\Foundation\\Console\\Kernel->handle(Object(Symfony\\Component\\Console\\Input\\ArgvInput), Object(Symfony\\Component\\Console\\Output\\ConsoleOutput))
#9 {main}
"} 
[2024-10-09 04:20:51] production.ERROR: The C:\Kerjaan\Github\POS Parfum\api-pos-parfum\bootstrap\cache directory must be present and writable. {"exception":"[object] (Exception(code: 0): The C:\\Kerjaan\\Github\\POS Parfum\\api-pos-parfum\\bootstrap\\cache directory must be present and writable. at C:\\Kerjaan\\Github\\POS Parfum\\api-pos-parfum\\vendor\\laravel\\framework\\src\\Illuminate\\Foundation\\PackageManifest.php:178)
[stacktrace]
#0 C:\\Kerjaan\\Github\\POS Parfum\\api-pos-parfum\\vendor\\laravel\\framework\\src\\Illuminate\\Foundation\\PackageManifest.php(131): Illuminate\\Foundation\\PackageManifest->write(Array)
#1 C:\\Kerjaan\\Github\\POS Parfum\\api-pos-parfum\\vendor\\laravel\\framework\\src\\Illuminate\\Foundation\\PackageManifest.php(107): Illuminate\\Foundation\\PackageManifest->build()
#2 C:\\Kerjaan\\Github\\POS Parfum\\api-pos-parfum\\vendor\\laravel\\framework\\src\\Illuminate\\Foundation\\PackageManifest.php(90): Illuminate\\Foundation\\PackageManifest->getManifest()
#3 C:\\Kerjaan\\Github\\POS Parfum\\api-pos-parfum\\vendor\\laravel\\framework\\src\\Illuminate\\Foundation\\PackageManifest.php(79): Illuminate\\Foundation\\PackageManifest->config('aliases')
#4 C:\\Kerjaan\\Github\\POS Parfum\\api-pos-parfum\\vendor\\laravel\\framework\\src\\Illuminate\\Foundation\\Bootstrap\\RegisterFacades.php(26): Illuminate\\Foundation\\PackageManifest->aliases()
#5 C:\\Kerjaan\\Github\\POS Parfum\\api-pos-parfum\\vendor\\laravel\\framework\\src\\Illuminate\\Foundation\\Application.php(263): Illuminate\\Foundation\\Bootstrap\\RegisterFacades->bootstrap(Object(Illuminate\\Foundation\\Application))
#6 C:\\Kerjaan\\Github\\POS Parfum\\api-pos-parfum\\vendor\\laravel\\framework\\src\\Illuminate\\Foundation\\Console\\Kernel.php(447): Illuminate\\Foundation\\Application->bootstrapWith(Array)
#7 C:\\Kerjaan\\Github\\POS Parfum\\api-pos-parfum\\vendor\\laravel\\framework\\src\\Illuminate\\Foundation\\Console\\Kernel.php(199): Illuminate\\Foundation\\Console\\Kernel->bootstrap()
#8 C:\\Kerjaan\\Github\\POS Parfum\\api-pos-parfum\\artisan(35): Illuminate\\Foundation\\Console\\Kernel->handle(Object(Symfony\\Component\\Console\\Input\\ArgvInput), Object(Symfony\\Component\\Console\\Output\\ConsoleOutput))
#9 {main}
"} 
[2024-10-09 04:21:11] production.ERROR: The C:\Kerjaan\Github\POS Parfum\api-pos-parfum\bootstrap\cache directory must be present and writable. {"exception":"[object] (Exception(code: 0): The C:\\Kerjaan\\Github\\POS Parfum\\api-pos-parfum\\bootstrap\\cache directory must be present and writable. at C:\\Kerjaan\\Github\\POS Parfum\\api-pos-parfum\\vendor\\laravel\\framework\\src\\Illuminate\\Foundation\\PackageManifest.php:178)
[stacktrace]
#0 C:\\Kerjaan\\Github\\POS Parfum\\api-pos-parfum\\vendor\\laravel\\framework\\src\\Illuminate\\Foundation\\PackageManifest.php(131): Illuminate\\Foundation\\PackageManifest->write(Array)
#1 C:\\Kerjaan\\Github\\POS Parfum\\api-pos-parfum\\vendor\\laravel\\framework\\src\\Illuminate\\Foundation\\PackageManifest.php(107): Illuminate\\Foundation\\PackageManifest->build()
#2 C:\\Kerjaan\\Github\\POS Parfum\\api-pos-parfum\\vendor\\laravel\\framework\\src\\Illuminate\\Foundation\\PackageManifest.php(90): Illuminate\\Foundation\\PackageManifest->getManifest()
#3 C:\\Kerjaan\\Github\\POS Parfum\\api-pos-parfum\\vendor\\laravel\\framework\\src\\Illuminate\\Foundation\\PackageManifest.php(79): Illuminate\\Foundation\\PackageManifest->config('aliases')
#4 C:\\Kerjaan\\Github\\POS Parfum\\api-pos-parfum\\vendor\\laravel\\framework\\src\\Illuminate\\Foundation\\Bootstrap\\RegisterFacades.php(26): Illuminate\\Foundation\\PackageManifest->aliases()
#5 C:\\Kerjaan\\Github\\POS Parfum\\api-pos-parfum\\vendor\\laravel\\framework\\src\\Illuminate\\Foundation\\Application.php(263): Illuminate\\Foundation\\Bootstrap\\RegisterFacades->bootstrap(Object(Illuminate\\Foundation\\Application))
#6 C:\\Kerjaan\\Github\\POS Parfum\\api-pos-parfum\\vendor\\laravel\\framework\\src\\Illuminate\\Foundation\\Console\\Kernel.php(447): Illuminate\\Foundation\\Application->bootstrapWith(Array)
#7 C:\\Kerjaan\\Github\\POS Parfum\\api-pos-parfum\\vendor\\laravel\\framework\\src\\Illuminate\\Foundation\\Console\\Kernel.php(199): Illuminate\\Foundation\\Console\\Kernel->bootstrap()
#8 C:\\Kerjaan\\Github\\POS Parfum\\api-pos-parfum\\artisan(35): Illuminate\\Foundation\\Console\\Kernel->handle(Object(Symfony\\Component\\Console\\Input\\ArgvInput), Object(Symfony\\Component\\Console\\Output\\ConsoleOutput))
#9 {main}
"} 
